2023-02-09 15:03:24.846  INFO 26882 --- [main] c.e.springweb.SpringWebApplication       : Starting SpringWebApplication using Java 1.8.0_345 on MacBook-Pro.local with PID 26882 (/Users/yukiice/Documents/Github/springboot_learning/spring-web/target/classes started by yukiice in /Users/yukiice/Documents/Github/springboot_learning/spring-web)
2023-02-09 15:03:24.849  INFO 26882 --- [main] c.e.springweb.SpringWebApplication       : No active profile set, falling back to 1 default profile: "default"
2023-02-09 15:03:26.008  INFO 26882 --- [main] o.s.b.w.embedded.tomcat.TomcatWebServer  : Tomcat initialized with port(s): 3003 (http)
2023-02-09 15:03:26.018  INFO 26882 --- [main] o.apache.catalina.core.StandardService   : Starting service [Tomcat]
2023-02-09 15:03:26.019  INFO 26882 --- [main] org.apache.catalina.core.StandardEngine  : Starting Servlet engine: [Apache Tomcat/9.0.71]
2023-02-09 15:03:26.096  INFO 26882 --- [main] o.a.c.c.C.[Tomcat].[localhost].[/]       : Initializing Spring embedded WebApplicationContext
2023-02-09 15:03:26.096  INFO 26882 --- [main] w.s.c.ServletWebServerApplicationContext : Root WebApplicationContext: initialization completed in 1195 ms
2023-02-09 15:03:26.408  INFO 26882 --- [main] o.s.s.web.DefaultSecurityFilterChain     : Will secure any request with [org.springframework.security.web.session.DisableEncodeUrlFilter@2eb917d0, org.springframework.security.web.context.request.async.WebAsyncManagerIntegrationFilter@c6b2dd9, org.springframework.security.web.context.SecurityContextPersistenceFilter@459cfcca, org.springframework.security.web.header.HeaderWriterFilter@6aba5d30, org.springframework.security.web.csrf.CsrfFilter@6f6621e3, org.springframework.security.web.authentication.logout.LogoutFilter@b0e5507, org.springframework.security.web.authentication.UsernamePasswordAuthenticationFilter@5fb65013, org.springframework.security.web.savedrequest.RequestCacheAwareFilter@6ab7ce48, org.springframework.security.web.servletapi.SecurityContextHolderAwareRequestFilter@55a609dd, org.springframework.security.web.authentication.AnonymousAuthenticationFilter@73437222, org.springframework.security.web.session.SessionManagementFilter@588307f7, org.springframework.security.web.access.ExceptionTranslationFilter@39ad12b6, org.springframework.security.web.access.intercept.AuthorizationFilter@5eb2172]
2023-02-09 15:03:26.541  INFO 26882 --- [main] o.s.b.a.w.s.WelcomePageHandlerMapping    : Adding welcome page template: index
2023-02-09 15:03:26.795  INFO 26882 --- [main] o.s.b.w.embedded.tomcat.TomcatWebServer  : Tomcat started on port(s): 3003 (http) with context path ''
2023-02-09 15:03:26.807  INFO 26882 --- [main] c.e.springweb.SpringWebApplication       : Started SpringWebApplication in 2.5 seconds (JVM running for 3.469)
2023-02-09 16:49:28.878  INFO 30859 --- [main] c.e.springweb.SpringWebApplication       : Starting SpringWebApplication using Java 1.8.0_345 on MacBook-Pro.local with PID 30859 (/Users/yukiice/Documents/Github/springboot_learning/spring-web/target/classes started by yukiice in /Users/yukiice/Documents/Github/springboot_learning/spring-web)
2023-02-09 16:49:28.881  INFO 30859 --- [main] c.e.springweb.SpringWebApplication       : The following 1 profile is active: "dev"
2023-02-09 16:49:29.676  INFO 30859 --- [main] o.s.b.w.embedded.tomcat.TomcatWebServer  : Tomcat initialized with port(s): 3003 (http)
2023-02-09 16:49:29.683  INFO 30859 --- [main] o.apache.catalina.core.StandardService   : Starting service [Tomcat]
2023-02-09 16:49:29.684  INFO 30859 --- [main] org.apache.catalina.core.StandardEngine  : Starting Servlet engine: [Apache Tomcat/9.0.71]
2023-02-09 16:49:29.756  INFO 30859 --- [main] o.a.c.c.C.[Tomcat].[localhost].[/]       : Initializing Spring embedded WebApplicationContext
2023-02-09 16:49:29.756  INFO 30859 --- [main] w.s.c.ServletWebServerApplicationContext : Root WebApplicationContext: initialization completed in 842 ms
2023-02-09 16:49:30.022  INFO 30859 --- [main] o.s.s.web.DefaultSecurityFilterChain     : Will secure any request with [org.springframework.security.web.session.DisableEncodeUrlFilter@702c436b, org.springframework.security.web.context.request.async.WebAsyncManagerIntegrationFilter@5833f5cd, org.springframework.security.web.context.SecurityContextPersistenceFilter@5eb2172, org.springframework.security.web.header.HeaderWriterFilter@1108adc8, org.springframework.security.web.csrf.CsrfFilter@4d0753c9, org.springframework.security.web.authentication.logout.LogoutFilter@184fb68d, org.springframework.security.web.authentication.UsernamePasswordAuthenticationFilter@129fed45, org.springframework.security.web.savedrequest.RequestCacheAwareFilter@43f0c2d1, org.springframework.security.web.servletapi.SecurityContextHolderAwareRequestFilter@1744a475, org.springframework.security.web.authentication.AnonymousAuthenticationFilter@10fbbdb, org.springframework.security.web.session.SessionManagementFilter@20011bf, org.springframework.security.web.access.ExceptionTranslationFilter@b0e5507, org.springframework.security.web.access.intercept.AuthorizationFilter@54bca971]
2023-02-09 16:49:30.124  INFO 30859 --- [main] o.s.b.a.w.s.WelcomePageHandlerMapping    : Adding welcome page template: index
2023-02-09 16:49:30.340  INFO 30859 --- [main] o.s.b.w.embedded.tomcat.TomcatWebServer  : Tomcat started on port(s): 3003 (http) with context path ''
2023-02-09 16:49:30.351  INFO 30859 --- [main] c.e.springweb.SpringWebApplication       : Started SpringWebApplication in 1.837 seconds (JVM running for 2.272)
2023-02-09 16:49:39.011  INFO 30867 --- [main] c.e.springweb.SpringWebApplication       : Starting SpringWebApplication using Java 1.8.0_345 on MacBook-Pro.local with PID 30867 (/Users/yukiice/Documents/Github/springboot_learning/spring-web/target/classes started by yukiice in /Users/yukiice/Documents/Github/springboot_learning/spring-web)
2023-02-09 16:49:39.013  INFO 30867 --- [main] c.e.springweb.SpringWebApplication       : The following 1 profile is active: "prod"
2023-02-09 16:49:39.829  INFO 30867 --- [main] o.s.b.w.embedded.tomcat.TomcatWebServer  : Tomcat initialized with port(s): 3004 (http)
2023-02-09 16:49:39.838  INFO 30867 --- [main] o.apache.catalina.core.StandardService   : Starting service [Tomcat]
2023-02-09 16:49:39.838  INFO 30867 --- [main] org.apache.catalina.core.StandardEngine  : Starting Servlet engine: [Apache Tomcat/9.0.71]
2023-02-09 16:49:39.905  INFO 30867 --- [main] o.a.c.c.C.[Tomcat].[localhost].[/]       : Initializing Spring embedded WebApplicationContext
2023-02-09 16:49:39.906  INFO 30867 --- [main] w.s.c.ServletWebServerApplicationContext : Root WebApplicationContext: initialization completed in 862 ms
2023-02-09 16:49:40.149  INFO 30867 --- [main] o.s.s.web.DefaultSecurityFilterChain     : Will secure any request with [org.springframework.security.web.session.DisableEncodeUrlFilter@3e48d38, org.springframework.security.web.context.request.async.WebAsyncManagerIntegrationFilter@7c2b58c0, org.springframework.security.web.context.SecurityContextPersistenceFilter@3c46dcbe, org.springframework.security.web.header.HeaderWriterFilter@255e5e2e, org.springframework.security.web.csrf.CsrfFilter@2c6aed22, org.springframework.security.web.authentication.logout.LogoutFilter@12ffd1de, org.springframework.security.web.authentication.UsernamePasswordAuthenticationFilter@46d63dbb, org.springframework.security.web.savedrequest.RequestCacheAwareFilter@1108adc8, org.springframework.security.web.servletapi.SecurityContextHolderAwareRequestFilter@41ffaeb8, org.springframework.security.web.authentication.AnonymousAuthenticationFilter@11b377c5, org.springframework.security.web.session.SessionManagementFilter@b0e5507, org.springframework.security.web.access.ExceptionTranslationFilter@3c782d8e, org.springframework.security.web.access.intercept.AuthorizationFilter@1e530163]
2023-02-09 16:49:40.261  INFO 30867 --- [main] o.s.b.a.w.s.WelcomePageHandlerMapping    : Adding welcome page template: index
2023-02-09 16:49:40.491  INFO 30867 --- [main] o.s.b.w.embedded.tomcat.TomcatWebServer  : Tomcat started on port(s): 3004 (http) with context path ''
2023-02-09 16:49:40.501  INFO 30867 --- [main] c.e.springweb.SpringWebApplication       : Started SpringWebApplication in 1.883 seconds (JVM running for 2.337)
2023-02-09 16:49:50.029  INFO 30876 --- [main] c.e.springweb.SpringWebApplication       : Starting SpringWebApplication using Java 1.8.0_345 on MacBook-Pro.local with PID 30876 (/Users/yukiice/Documents/Github/springboot_learning/spring-web/target/classes started by yukiice in /Users/yukiice/Documents/Github/springboot_learning/spring-web)
2023-02-09 16:49:50.031  INFO 30876 --- [main] c.e.springweb.SpringWebApplication       : The following 1 profile is active: "dev"
2023-02-09 16:49:51.295  INFO 30876 --- [main] o.s.b.w.embedded.tomcat.TomcatWebServer  : Tomcat initialized with port(s): 3003 (http)
2023-02-09 16:49:51.309  INFO 30876 --- [main] o.apache.catalina.core.StandardService   : Starting service [Tomcat]
2023-02-09 16:49:51.309  INFO 30876 --- [main] org.apache.catalina.core.StandardEngine  : Starting Servlet engine: [Apache Tomcat/9.0.71]
2023-02-09 16:49:51.421  INFO 30876 --- [main] o.a.c.c.C.[Tomcat].[localhost].[/]       : Initializing Spring embedded WebApplicationContext
2023-02-09 16:49:51.421  INFO 30876 --- [main] w.s.c.ServletWebServerApplicationContext : Root WebApplicationContext: initialization completed in 1335 ms
2023-02-09 16:49:51.856  INFO 30876 --- [main] o.s.s.web.DefaultSecurityFilterChain     : Will secure any request with [org.springframework.security.web.session.DisableEncodeUrlFilter@129fed45, org.springframework.security.web.context.request.async.WebAsyncManagerIntegrationFilter@23592946, org.springframework.security.web.context.SecurityContextPersistenceFilter@b0e5507, org.springframework.security.web.header.HeaderWriterFilter@7f5eae0f, org.springframework.security.web.csrf.CsrfFilter@2acbc859, org.springframework.security.web.authentication.logout.LogoutFilter@3f985a86, org.springframework.security.web.authentication.UsernamePasswordAuthenticationFilter@14d8444b, org.springframework.security.web.savedrequest.RequestCacheAwareFilter@3c46dcbe, org.springframework.security.web.servletapi.SecurityContextHolderAwareRequestFilter@51d9b06c, org.springframework.security.web.authentication.AnonymousAuthenticationFilter@3e48d38, org.springframework.security.web.session.SessionManagementFilter@255e5e2e, org.springframework.security.web.access.ExceptionTranslationFilter@20411320, org.springframework.security.web.access.intercept.AuthorizationFilter@184fb68d]
2023-02-09 16:49:52.011  INFO 30876 --- [main] o.s.b.a.w.s.WelcomePageHandlerMapping    : Adding welcome page template: index
2023-02-09 16:49:52.283  INFO 30876 --- [main] o.s.b.w.embedded.tomcat.TomcatWebServer  : Tomcat started on port(s): 3003 (http) with context path ''
2023-02-09 16:49:52.294  INFO 30876 --- [main] c.e.springweb.SpringWebApplication       : Started SpringWebApplication in 2.993 seconds (JVM running for 3.678)
2023-02-09 16:53:37.643  INFO 30927 --- [main] c.e.springweb.SpringWebApplication       : Starting SpringWebApplication using Java 1.8.0_345 on MacBook-Pro.local with PID 30927 (/Users/yukiice/Documents/Github/springboot_learning/spring-web/target/classes started by yukiice in /Users/yukiice/Documents/Github/springboot_learning/spring-web)
2023-02-09 16:53:37.645  INFO 30927 --- [main] c.e.springweb.SpringWebApplication       : The following 1 profile is active: "dev"
2023-02-09 16:53:38.522  INFO 30927 --- [main] o.s.b.w.embedded.tomcat.TomcatWebServer  : Tomcat initialized with port(s): 3003 (http)
2023-02-09 16:53:38.533  INFO 30927 --- [main] o.apache.catalina.core.StandardService   : Starting service [Tomcat]
2023-02-09 16:53:38.533  INFO 30927 --- [main] org.apache.catalina.core.StandardEngine  : Starting Servlet engine: [Apache Tomcat/9.0.71]
2023-02-09 16:53:38.611  INFO 30927 --- [main] o.a.c.c.C.[Tomcat].[localhost].[/]       : Initializing Spring embedded WebApplicationContext
2023-02-09 16:53:38.612  INFO 30927 --- [main] w.s.c.ServletWebServerApplicationContext : Root WebApplicationContext: initialization completed in 935 ms
2023-02-09 16:53:38.969  INFO 30927 --- [main] o.s.s.web.DefaultSecurityFilterChain     : Will secure any request with [org.springframework.security.web.session.DisableEncodeUrlFilter@2ab5afc7, org.springframework.security.web.context.request.async.WebAsyncManagerIntegrationFilter@4dc8c0ea, org.springframework.security.web.context.SecurityContextPersistenceFilter@ca93621, org.springframework.security.web.header.HeaderWriterFilter@1c6c6f24, org.springframework.security.web.csrf.CsrfFilter@12abdfb, org.springframework.security.web.authentication.logout.LogoutFilter@7c2b58c0, org.springframework.security.web.authentication.UsernamePasswordAuthenticationFilter@aa149ed, org.springframework.security.web.savedrequest.RequestCacheAwareFilter@3f985a86, org.springframework.security.web.servletapi.SecurityContextHolderAwareRequestFilter@9d3c67, org.springframework.security.web.authentication.AnonymousAuthenticationFilter@e4b6f47, org.springframework.security.web.session.SessionManagementFilter@c6b2dd9, org.springframework.security.web.access.ExceptionTranslationFilter@7a1f45ed, org.springframework.security.web.access.intercept.AuthorizationFilter@23f3dbf0]
2023-02-09 16:53:39.168  INFO 30927 --- [main] o.s.b.a.w.s.WelcomePageHandlerMapping    : Adding welcome page template: index
2023-02-09 16:53:39.408  INFO 30927 --- [main] o.s.b.w.embedded.tomcat.TomcatWebServer  : Tomcat started on port(s): 3003 (http) with context path ''
2023-02-09 16:53:39.421  INFO 30927 --- [main] c.e.springweb.SpringWebApplication       : Started SpringWebApplication in 2.129 seconds (JVM running for 2.562)
2023-02-09 16:53:46.864  INFO 30936 --- [main] c.e.springweb.SpringWebApplication       : Starting SpringWebApplication using Java 1.8.0_345 on MacBook-Pro.local with PID 30936 (/Users/yukiice/Documents/Github/springboot_learning/spring-web/target/classes started by yukiice in /Users/yukiice/Documents/Github/springboot_learning/spring-web)
2023-02-09 16:53:46.867  INFO 30936 --- [main] c.e.springweb.SpringWebApplication       : The following 1 profile is active: "prod"
2023-02-09 16:53:47.667  INFO 30936 --- [main] o.s.b.w.embedded.tomcat.TomcatWebServer  : Tomcat initialized with port(s): 3004 (http)
2023-02-09 16:53:47.675  INFO 30936 --- [main] o.apache.catalina.core.StandardService   : Starting service [Tomcat]
2023-02-09 16:53:47.675  INFO 30936 --- [main] org.apache.catalina.core.StandardEngine  : Starting Servlet engine: [Apache Tomcat/9.0.71]
2023-02-09 16:53:47.742  INFO 30936 --- [main] o.a.c.c.C.[Tomcat].[localhost].[/]       : Initializing Spring embedded WebApplicationContext
2023-02-09 16:53:47.742  INFO 30936 --- [main] w.s.c.ServletWebServerApplicationContext : Root WebApplicationContext: initialization completed in 840 ms
2023-02-09 16:53:47.974  INFO 30936 --- [main] o.s.s.web.DefaultSecurityFilterChain     : Will secure any request with [org.springframework.security.web.session.DisableEncodeUrlFilter@8ee0c23, org.springframework.security.web.context.request.async.WebAsyncManagerIntegrationFilter@2ab5afc7, org.springframework.security.web.context.SecurityContextPersistenceFilter@73437222, org.springframework.security.web.header.HeaderWriterFilter@1c5c616f, org.springframework.security.web.csrf.CsrfFilter@255e5e2e, org.springframework.security.web.authentication.logout.LogoutFilter@3e48d38, org.springframework.security.web.authentication.UsernamePasswordAuthenticationFilter@760cf594, org.springframework.security.web.savedrequest.RequestCacheAwareFilter@6a48a7f3, org.springframework.security.web.servletapi.SecurityContextHolderAwareRequestFilter@4096aa05, org.springframework.security.web.authentication.AnonymousAuthenticationFilter@4dc8c0ea, org.springframework.security.web.session.SessionManagementFilter@2eb917d0, org.springframework.security.web.access.ExceptionTranslationFilter@3fbcfe81, org.springframework.security.web.access.intercept.AuthorizationFilter@10fbbdb]
2023-02-09 16:53:48.108  INFO 30936 --- [main] o.s.b.a.w.s.WelcomePageHandlerMapping    : Adding welcome page template: index
2023-02-09 16:53:48.271  INFO 30936 --- [main] o.s.b.w.embedded.tomcat.TomcatWebServer  : Tomcat started on port(s): 3004 (http) with context path ''
2023-02-09 16:53:48.279  INFO 30936 --- [main] c.e.springweb.SpringWebApplication       : Started SpringWebApplication in 1.775 seconds (JVM running for 2.166)
2023-02-09 17:00:48.637  INFO 31042 --- [main] c.e.springweb.SpringWebApplication       : Starting SpringWebApplication using Java 1.8.0_345 on MacBook-Pro.local with PID 31042 (/Users/yukiice/Documents/Github/springboot_learning/spring-web/target/classes started by yukiice in /Users/yukiice/Documents/Github/springboot_learning/spring-web)
2023-02-09 17:00:48.640  INFO 31042 --- [main] c.e.springweb.SpringWebApplication       : The following 1 profile is active: "dev"
2023-02-09 17:00:49.734  INFO 31042 --- [main] o.s.b.w.embedded.tomcat.TomcatWebServer  : Tomcat initialized with port(s): 3003 (http)
2023-02-09 17:00:49.743  INFO 31042 --- [main] o.apache.catalina.core.StandardService   : Starting service [Tomcat]
2023-02-09 17:00:49.743  INFO 31042 --- [main] org.apache.catalina.core.StandardEngine  : Starting Servlet engine: [Apache Tomcat/9.0.71]
2023-02-09 17:00:49.820  INFO 31042 --- [main] o.a.c.c.C.[Tomcat].[localhost].[/]       : Initializing Spring embedded WebApplicationContext
2023-02-09 17:00:49.820  INFO 31042 --- [main] w.s.c.ServletWebServerApplicationContext : Root WebApplicationContext: initialization completed in 1141 ms
2023-02-09 17:00:50.126  INFO 31042 --- [main] o.s.s.web.DefaultSecurityFilterChain     : Will secure any request with [org.springframework.security.web.session.DisableEncodeUrlFilter@204e90f7, org.springframework.security.web.context.request.async.WebAsyncManagerIntegrationFilter@20a05b32, org.springframework.security.web.context.SecurityContextPersistenceFilter@1c5c616f, org.springframework.security.web.header.HeaderWriterFilter@3fbcfe81, org.springframework.security.web.csrf.CsrfFilter@3c782d8e, org.springframework.security.web.authentication.logout.LogoutFilter@23706db8, org.springframework.security.web.authentication.UsernamePasswordAuthenticationFilter@5833f5cd, org.springframework.security.web.savedrequest.RequestCacheAwareFilter@2eb917d0, org.springframework.security.web.servletapi.SecurityContextHolderAwareRequestFilter@3f985a86, org.springframework.security.web.authentication.AnonymousAuthenticationFilter@165e389b, org.springframework.security.web.session.SessionManagementFilter@1744a475, org.springframework.security.web.access.ExceptionTranslationFilter@41ffaeb8, org.springframework.security.web.access.intercept.AuthorizationFilter@5c60b0a0]
2023-02-09 17:00:50.297  INFO 31042 --- [main] o.s.b.a.w.s.WelcomePageHandlerMapping    : Adding welcome page template: index
2023-02-09 17:00:50.505  INFO 31042 --- [main] o.s.b.w.embedded.tomcat.TomcatWebServer  : Tomcat started on port(s): 3003 (http) with context path ''
2023-02-09 17:00:50.515  INFO 31042 --- [main] c.e.springweb.SpringWebApplication       : Started SpringWebApplication in 2.332 seconds (JVM running for 2.873)
2023-02-09 17:02:18.372  INFO 31064 --- [main] c.e.springweb.SpringWebApplication       : Starting SpringWebApplication using Java 1.8.0_345 on MacBook-Pro.local with PID 31064 (/Users/yukiice/Documents/Github/springboot_learning/spring-web/target/classes started by yukiice in /Users/yukiice/Documents/Github/springboot_learning/spring-web)
2023-02-09 17:02:18.376  INFO 31064 --- [main] c.e.springweb.SpringWebApplication       : The following 1 profile is active: "dev"
2023-02-09 17:02:19.495  INFO 31064 --- [main] o.s.b.w.embedded.tomcat.TomcatWebServer  : Tomcat initialized with port(s): 3003 (http)
2023-02-09 17:02:19.505  INFO 31064 --- [main] o.apache.catalina.core.StandardService   : Starting service [Tomcat]
2023-02-09 17:02:19.506  INFO 31064 --- [main] org.apache.catalina.core.StandardEngine  : Starting Servlet engine: [Apache Tomcat/9.0.71]
2023-02-09 17:02:19.585  INFO 31064 --- [main] o.a.c.c.C.[Tomcat].[localhost].[/]       : Initializing Spring embedded WebApplicationContext
2023-02-09 17:02:19.585  INFO 31064 --- [main] w.s.c.ServletWebServerApplicationContext : Root WebApplicationContext: initialization completed in 1162 ms
2023-02-09 17:02:19.895  INFO 31064 --- [main] o.s.s.web.DefaultSecurityFilterChain     : Will secure any request with [org.springframework.security.web.session.DisableEncodeUrlFilter@204e90f7, org.springframework.security.web.context.request.async.WebAsyncManagerIntegrationFilter@20a05b32, org.springframework.security.web.context.SecurityContextPersistenceFilter@1c5c616f, org.springframework.security.web.header.HeaderWriterFilter@3fbcfe81, org.springframework.security.web.csrf.CsrfFilter@3c782d8e, org.springframework.security.web.authentication.logout.LogoutFilter@23706db8, org.springframework.security.web.authentication.UsernamePasswordAuthenticationFilter@5833f5cd, org.springframework.security.web.savedrequest.RequestCacheAwareFilter@2eb917d0, org.springframework.security.web.servletapi.SecurityContextHolderAwareRequestFilter@3f985a86, org.springframework.security.web.authentication.AnonymousAuthenticationFilter@165e389b, org.springframework.security.web.session.SessionManagementFilter@1744a475, org.springframework.security.web.access.ExceptionTranslationFilter@41ffaeb8, org.springframework.security.web.access.intercept.AuthorizationFilter@5c60b0a0]
2023-02-09 17:02:20.068  INFO 31064 --- [main] o.s.b.a.w.s.WelcomePageHandlerMapping    : Adding welcome page template: index
2023-02-09 17:02:20.284  INFO 31064 --- [main] o.s.b.w.embedded.tomcat.TomcatWebServer  : Tomcat started on port(s): 3003 (http) with context path ''
2023-02-09 17:02:20.302  INFO 31064 --- [main] c.e.springweb.SpringWebApplication       : Started SpringWebApplication in 2.464 seconds (JVM running for 3.051)
2023-02-09 17:02:45.185  INFO 31081 --- [main] c.e.springweb.SpringWebApplication       : Starting SpringWebApplication using Java 1.8.0_345 on MacBook-Pro.local with PID 31081 (/Users/yukiice/Documents/Github/springboot_learning/spring-web/target/classes started by yukiice in /Users/yukiice/Documents/Github/springboot_learning/spring-web)
2023-02-09 17:02:45.189  INFO 31081 --- [main] c.e.springweb.SpringWebApplication       : The following 1 profile is active: "dev"
2023-02-09 17:02:46.082  INFO 31081 --- [main] o.s.b.w.embedded.tomcat.TomcatWebServer  : Tomcat initialized with port(s): 3003 (http)
2023-02-09 17:02:46.090  INFO 31081 --- [main] o.apache.catalina.core.StandardService   : Starting service [Tomcat]
2023-02-09 17:02:46.091  INFO 31081 --- [main] org.apache.catalina.core.StandardEngine  : Starting Servlet engine: [Apache Tomcat/9.0.71]
2023-02-09 17:02:46.173  INFO 31081 --- [main] o.a.c.c.C.[Tomcat].[localhost].[/]       : Initializing Spring embedded WebApplicationContext
2023-02-09 17:02:46.173  INFO 31081 --- [main] w.s.c.ServletWebServerApplicationContext : Root WebApplicationContext: initialization completed in 926 ms
2023-02-09 17:02:46.438  INFO 31081 --- [main] o.s.s.web.DefaultSecurityFilterChain     : Will secure any request with [org.springframework.security.web.session.DisableEncodeUrlFilter@2ab5afc7, org.springframework.security.web.context.request.async.WebAsyncManagerIntegrationFilter@4dc8c0ea, org.springframework.security.web.context.SecurityContextPersistenceFilter@ca93621, org.springframework.security.web.header.HeaderWriterFilter@1c6c6f24, org.springframework.security.web.csrf.CsrfFilter@12abdfb, org.springframework.security.web.authentication.logout.LogoutFilter@7c2b58c0, org.springframework.security.web.authentication.UsernamePasswordAuthenticationFilter@aa149ed, org.springframework.security.web.savedrequest.RequestCacheAwareFilter@3f985a86, org.springframework.security.web.servletapi.SecurityContextHolderAwareRequestFilter@9d3c67, org.springframework.security.web.authentication.AnonymousAuthenticationFilter@e4b6f47, org.springframework.security.web.session.SessionManagementFilter@c6b2dd9, org.springframework.security.web.access.ExceptionTranslationFilter@7a1f45ed, org.springframework.security.web.access.intercept.AuthorizationFilter@23f3dbf0]
2023-02-09 17:02:46.587  INFO 31081 --- [main] o.s.b.a.w.s.WelcomePageHandlerMapping    : Adding welcome page template: index
2023-02-09 17:02:46.784  INFO 31081 --- [main] o.s.b.w.embedded.tomcat.TomcatWebServer  : Tomcat started on port(s): 3003 (http) with context path ''
2023-02-09 17:02:46.794  INFO 31081 --- [main] c.e.springweb.SpringWebApplication       : Started SpringWebApplication in 2.05 seconds (JVM running for 2.615)
2023-02-09 17:37:39.685  INFO 32090 --- [main] c.e.springweb.SpringWebApplicationTests  : Starting SpringWebApplicationTests using Java 1.8.0_345 on MacBook-Pro.local with PID 32090 (started by yukiice in /Users/yukiice/Documents/Github/springboot_learning/spring-web)
2023-02-09 17:37:39.687  INFO 32090 --- [main] c.e.springweb.SpringWebApplicationTests  : The following 1 profile is active: "dev"
2023-02-09 17:37:41.263  INFO 32090 --- [main] o.s.s.web.DefaultSecurityFilterChain     : Will secure any request with [org.springframework.security.web.session.DisableEncodeUrlFilter@37e0292a, org.springframework.security.web.context.request.async.WebAsyncManagerIntegrationFilter@4af70944, org.springframework.security.web.context.SecurityContextPersistenceFilter@2241f05b, org.springframework.security.web.header.HeaderWriterFilter@7342e05d, org.springframework.security.web.csrf.CsrfFilter@5b22d8a1, org.springframework.security.web.authentication.logout.LogoutFilter@6917bb4, org.springframework.security.web.authentication.UsernamePasswordAuthenticationFilter@24e83d19, org.springframework.security.web.savedrequest.RequestCacheAwareFilter@71978f46, org.springframework.security.web.servletapi.SecurityContextHolderAwareRequestFilter@3414a8c3, org.springframework.security.web.authentication.AnonymousAuthenticationFilter@35267fd4, org.springframework.security.web.session.SessionManagementFilter@15383681, org.springframework.security.web.access.ExceptionTranslationFilter@1894e40d, org.springframework.security.web.access.intercept.AuthorizationFilter@124ac145]
2023-02-09 17:37:41.819  INFO 32090 --- [main] o.s.b.a.w.s.WelcomePageHandlerMapping    : Adding welcome page template: index
2023-02-09 17:37:42.316  INFO 32090 --- [main] c.e.springweb.SpringWebApplicationTests  : Started SpringWebApplicationTests in 3.081 seconds (JVM running for 3.983)
